<?xml version="1.0" encoding="UTF-8"?>
<testsuite xmlns:xsi="http://www.w3.org/2001/XMLSchema-instance" xsi:noNamespaceSchemaLocation="https://maven.apache.org/surefire/maven-surefire-plugin/xsd/surefire-test-report.xsd" name="TestSuite" time="0.998" tests="1" errors="0" skipped="0" failures="1">
  <properties>
    <property name="gopherProxySet" value="false"/>
    <property name="awt.toolkit" value="sun.lwawt.macosx.LWCToolkit"/>
    <property name="file.encoding.pkg" value="sun.io"/>
    <property name="java.specification.version" value="1.8"/>
    <property name="sun.cpu.isalist" value=""/>
    <property name="sun.jnu.encoding" value="UTF-8"/>
    <property name="java.class.path" value="/Users/rohu/IdeaProjects/demo/target/test-classes:/Users/rohu/IdeaProjects/demo/target/classes:/Users/Shared/Jenkins/.m2/repository/org/springframework/spring-core/4.0.0.RELEASE/spring-core-4.0.0.RELEASE.jar:/Users/Shared/Jenkins/.m2/repository/commons-logging/commons-logging/1.1.1/commons-logging-1.1.1.jar:/Users/Shared/Jenkins/.m2/repository/org/springframework/spring-context/4.0.0.RELEASE/spring-context-4.0.0.RELEASE.jar:/Users/Shared/Jenkins/.m2/repository/org/springframework/spring-aop/4.0.0.RELEASE/spring-aop-4.0.0.RELEASE.jar:/Users/Shared/Jenkins/.m2/repository/aopalliance/aopalliance/1.0/aopalliance-1.0.jar:/Users/Shared/Jenkins/.m2/repository/org/springframework/spring-beans/4.0.0.RELEASE/spring-beans-4.0.0.RELEASE.jar:/Users/Shared/Jenkins/.m2/repository/org/springframework/spring-expression/4.0.0.RELEASE/spring-expression-4.0.0.RELEASE.jar:/Users/Shared/Jenkins/.m2/repository/org/testng/testng/6.11/testng-6.11.jar:/Users/Shared/Jenkins/.m2/repository/com/beust/jcommander/1.64/jcommander-1.64.jar:/Users/Shared/Jenkins/.m2/repository/org/yaml/snakeyaml/1.17/snakeyaml-1.17.jar:/Users/Shared/Jenkins/.m2/repository/io/appium/java-client/6.1.0/java-client-6.1.0.jar:/Users/Shared/Jenkins/.m2/repository/org/seleniumhq/selenium/selenium-support/3.12.0/selenium-support-3.12.0.jar:/Users/Shared/Jenkins/.m2/repository/org/seleniumhq/selenium/selenium-api/3.12.0/selenium-api-3.12.0.jar:/Users/Shared/Jenkins/.m2/repository/org/apache/httpcomponents/httpclient/4.5.5/httpclient-4.5.5.jar:/Users/Shared/Jenkins/.m2/repository/cglib/cglib/3.2.6/cglib-3.2.6.jar:/Users/Shared/Jenkins/.m2/repository/org/ow2/asm/asm/6.0/asm-6.0.jar:/Users/Shared/Jenkins/.m2/repository/org/apache/ant/ant/1.9.6/ant-1.9.6.jar:/Users/Shared/Jenkins/.m2/repository/org/apache/ant/ant-launcher/1.9.6/ant-launcher-1.9.6.jar:/Users/Shared/Jenkins/.m2/repository/commons-validator/commons-validator/1.6/commons-validator-1.6.jar:/Users/Shared/Jenkins/.m2/repository/commons-beanutils/commons-beanutils/1.9.2/commons-beanutils-1.9.2.jar:/Users/Shared/Jenkins/.m2/repository/commons-digester/commons-digester/1.8.1/commons-digester-1.8.1.jar:/Users/Shared/Jenkins/.m2/repository/commons-collections/commons-collections/3.2.2/commons-collections-3.2.2.jar:/Users/Shared/Jenkins/.m2/repository/org/apache/commons/commons-lang3/3.7/commons-lang3-3.7.jar:/Users/Shared/Jenkins/.m2/repository/commons-io/commons-io/2.6/commons-io-2.6.jar:/Users/Shared/Jenkins/.m2/repository/org/aspectj/aspectjweaver/1.9.1/aspectjweaver-1.9.1.jar:/Users/Shared/Jenkins/.m2/repository/org/openpnp/opencv/3.2.0-1/opencv-3.2.0-1.jar:/Users/Shared/Jenkins/.m2/repository/com/googlecode/json-simple/json-simple/1.1/json-simple-1.1.jar:/Users/Shared/Jenkins/.m2/repository/commons-lang/commons-lang/2.6/commons-lang-2.6.jar:/Users/Shared/Jenkins/.m2/repository/com/google/code/gson/gson/2.8.0/gson-2.8.0.jar:/Users/Shared/Jenkins/.m2/repository/org/seleniumhq/selenium/selenium-java/3.13.0/selenium-java-3.13.0.jar:/Users/Shared/Jenkins/.m2/repository/org/seleniumhq/selenium/selenium-chrome-driver/3.13.0/selenium-chrome-driver-3.13.0.jar:/Users/Shared/Jenkins/.m2/repository/org/seleniumhq/selenium/selenium-edge-driver/3.13.0/selenium-edge-driver-3.13.0.jar:/Users/Shared/Jenkins/.m2/repository/org/seleniumhq/selenium/selenium-firefox-driver/3.13.0/selenium-firefox-driver-3.13.0.jar:/Users/Shared/Jenkins/.m2/repository/org/seleniumhq/selenium/selenium-ie-driver/3.13.0/selenium-ie-driver-3.13.0.jar:/Users/Shared/Jenkins/.m2/repository/org/seleniumhq/selenium/selenium-opera-driver/3.13.0/selenium-opera-driver-3.13.0.jar:/Users/Shared/Jenkins/.m2/repository/org/seleniumhq/selenium/selenium-remote-driver/3.13.0/selenium-remote-driver-3.13.0.jar:/Users/Shared/Jenkins/.m2/repository/org/seleniumhq/selenium/selenium-safari-driver/3.13.0/selenium-safari-driver-3.13.0.jar:/Users/Shared/Jenkins/.m2/repository/net/bytebuddy/byte-buddy/1.8.3/byte-buddy-1.8.3.jar:/Users/Shared/Jenkins/.m2/repository/org/apache/commons/commons-exec/1.3/commons-exec-1.3.jar:/Users/Shared/Jenkins/.m2/repository/commons-codec/commons-codec/1.10/commons-codec-1.10.jar:/Users/Shared/Jenkins/.m2/repository/com/google/guava/guava/25.0-jre/guava-25.0-jre.jar:/Users/Shared/Jenkins/.m2/repository/com/google/code/findbugs/jsr305/1.3.9/jsr305-1.3.9.jar:/Users/Shared/Jenkins/.m2/repository/org/checkerframework/checker-compat-qual/2.0.0/checker-compat-qual-2.0.0.jar:/Users/Shared/Jenkins/.m2/repository/com/google/errorprone/error_prone_annotations/2.1.3/error_prone_annotations-2.1.3.jar:/Users/Shared/Jenkins/.m2/repository/com/google/j2objc/j2objc-annotations/1.1/j2objc-annotations-1.1.jar:/Users/Shared/Jenkins/.m2/repository/org/codehaus/mojo/animal-sniffer-annotations/1.14/animal-sniffer-annotations-1.14.jar:/Users/Shared/Jenkins/.m2/repository/org/apache/httpcomponents/httpcore/4.4.9/httpcore-4.4.9.jar:/Users/Shared/Jenkins/.m2/repository/com/squareup/okhttp3/okhttp/3.10.0/okhttp-3.10.0.jar:/Users/Shared/Jenkins/.m2/repository/com/squareup/okio/okio/1.14.1/okio-1.14.1.jar:/Users/Shared/Jenkins/.m2/repository/org/seleniumhq/selenium/selenium-server/3.9.1/selenium-server-3.9.1.jar:/Users/Shared/Jenkins/.m2/repository/org/apache/commons/commons-text/1.1/commons-text-1.1.jar:/Users/Shared/Jenkins/.m2/repository/commons-net/commons-net/3.6/commons-net-3.6.jar:/Users/Shared/Jenkins/.m2/repository/org/w3c/css/sac/1.3/sac-1.3.jar:/Users/Shared/Jenkins/.m2/repository/net/sourceforge/cssparser/cssparser/0.9.24/cssparser-0.9.24.jar:/Users/Shared/Jenkins/.m2/repository/net/sourceforge/htmlunit/htmlunit/2.29/htmlunit-2.29.jar:/Users/Shared/Jenkins/.m2/repository/net/sourceforge/htmlunit/htmlunit-core-js/2.28/htmlunit-core-js-2.28.jar:/Users/Shared/Jenkins/.m2/repository/net/sourceforge/htmlunit/neko-htmlunit/2.28/neko-htmlunit-2.28.jar:/Users/Shared/Jenkins/.m2/repository/org/apache/httpcomponents/httpmime/4.5.3/httpmime-4.5.3.jar:/Users/Shared/Jenkins/.m2/repository/net/jcip/jcip-annotations/1.0/jcip-annotations-1.0.jar:/Users/Shared/Jenkins/.m2/repository/org/seleniumhq/selenium/jetty-repacked/9.4.7.v20171121/jetty-repacked-9.4.7.v20171121.jar:/Users/Shared/Jenkins/.m2/repository/org/eclipse/jetty/jetty-client/9.4.7.v20170914/jetty-client-9.4.7.v20170914.jar:/Users/Shared/Jenkins/.m2/repository/org/eclipse/jetty/jetty-http/9.4.8.v20171121/jetty-http-9.4.8.v20171121.jar:/Users/Shared/Jenkins/.m2/repository/org/eclipse/jetty/jetty-io/9.4.8.v20171121/jetty-io-9.4.8.v20171121.jar:/Users/Shared/Jenkins/.m2/repository/org/eclipse/jetty/jetty-util/9.4.8.v20171121/jetty-util-9.4.8.v20171121.jar:/Users/Shared/Jenkins/.m2/repository/org/eclipse/jetty/jetty-xml/9.4.7.v20170914/jetty-xml-9.4.7.v20170914.jar:/Users/Shared/Jenkins/.m2/repository/org/seleniumhq/selenium/htmlunit-driver/2.29.0/htmlunit-driver-2.29.0.jar:/Users/Shared/Jenkins/.m2/repository/org/eclipse/jetty/websocket/websocket-api/9.4.7.v20170914/websocket-api-9.4.7.v20170914.jar:/Users/Shared/Jenkins/.m2/repository/org/eclipse/jetty/websocket/websocket-client/9.4.7.v20170914/websocket-client-9.4.7.v20170914.jar:/Users/Shared/Jenkins/.m2/repository/org/eclipse/jetty/websocket/websocket-common/9.4.7.v20170914/websocket-common-9.4.7.v20170914.jar:/Users/Shared/Jenkins/.m2/repository/xalan/serializer/2.7.2/serializer-2.7.2.jar:/Users/Shared/Jenkins/.m2/repository/xalan/xalan/2.7.2/xalan-2.7.2.jar:/Users/Shared/Jenkins/.m2/repository/xerces/xercesImpl/2.11.0/xercesImpl-2.11.0.jar:/Users/Shared/Jenkins/.m2/repository/xml-apis/xml-apis/1.4.01/xml-apis-1.4.01.jar:/Users/Shared/Jenkins/.m2/repository/com/jayway/restassured/rest-assured/2.9.0/rest-assured-2.9.0.jar:/Users/Shared/Jenkins/.m2/repository/org/codehaus/groovy/groovy/2.4.4/groovy-2.4.4.jar:/Users/Shared/Jenkins/.m2/repository/org/codehaus/groovy/groovy-xml/2.4.4/groovy-xml-2.4.4.jar:/Users/Shared/Jenkins/.m2/repository/org/hamcrest/hamcrest-core/1.3/hamcrest-core-1.3.jar:/Users/Shared/Jenkins/.m2/repository/org/hamcrest/hamcrest-library/1.3/hamcrest-library-1.3.jar:/Users/Shared/Jenkins/.m2/repository/org/ccil/cowan/tagsoup/tagsoup/1.2.1/tagsoup-1.2.1.jar:/Users/Shared/Jenkins/.m2/repository/com/jayway/restassured/json-path/2.9.0/json-path-2.9.0.jar:/Users/Shared/Jenkins/.m2/repository/org/codehaus/groovy/groovy-json/2.4.4/groovy-json-2.4.4.jar:/Users/Shared/Jenkins/.m2/repository/com/jayway/restassured/rest-assured-common/2.9.0/rest-assured-common-2.9.0.jar:/Users/Shared/Jenkins/.m2/repository/com/jayway/restassured/xml-path/2.9.0/xml-path-2.9.0.jar:/Users/Shared/Jenkins/.m2/repository/com/jayway/restassured/json-schema-validator/2.8.0/json-schema-validator-2.8.0.jar:/Users/Shared/Jenkins/.m2/repository/com/github/fge/json-schema-validator/2.2.6/json-schema-validator-2.2.6.jar:/Users/Shared/Jenkins/.m2/repository/joda-time/joda-time/2.3/joda-time-2.3.jar:/Users/Shared/Jenkins/.m2/repository/com/googlecode/libphonenumber/libphonenumber/6.2/libphonenumber-6.2.jar:/Users/Shared/Jenkins/.m2/repository/com/github/fge/json-schema-core/1.2.5/json-schema-core-1.2.5.jar:/Users/Shared/Jenkins/.m2/repository/com/github/fge/uri-template/0.9/uri-template-0.9.jar:/Users/Shared/Jenkins/.m2/repository/com/github/fge/msg-simple/1.1/msg-simple-1.1.jar:/Users/Shared/Jenkins/.m2/repository/com/github/fge/btf/1.2/btf-1.2.jar:/Users/Shared/Jenkins/.m2/repository/com/github/fge/jackson-coreutils/1.8/jackson-coreutils-1.8.jar:/Users/Shared/Jenkins/.m2/repository/com/fasterxml/jackson/core/jackson-databind/2.2.3/jackson-databind-2.2.3.jar:/Users/Shared/Jenkins/.m2/repository/com/fasterxml/jackson/core/jackson-annotations/2.2.3/jackson-annotations-2.2.3.jar:/Users/Shared/Jenkins/.m2/repository/com/fasterxml/jackson/core/jackson-core/2.2.3/jackson-core-2.2.3.jar:/Users/Shared/Jenkins/.m2/repository/org/mozilla/rhino/1.7R4/rhino-1.7R4.jar:/Users/Shared/Jenkins/.m2/repository/javax/mail/mailapi/1.4.3/mailapi-1.4.3.jar:/Users/Shared/Jenkins/.m2/repository/javax/activation/activation/1.1/activation-1.1.jar:/Users/Shared/Jenkins/.m2/repository/net/sf/jopt-simple/jopt-simple/4.6/jopt-simple-4.6.jar:/Users/Shared/Jenkins/.m2/repository/org/java-websocket/Java-WebSocket/1.3.9/Java-WebSocket-1.3.9.jar:/Users/Shared/Jenkins/.m2/repository/javax/servlet/javax.servlet-api/4.0.1/javax.servlet-api-4.0.1.jar:/Users/Shared/Jenkins/.m2/repository/org/glassfish/tyrus/bundles/tyrus-standalone-client/1.9/tyrus-standalone-client-1.9.jar:/Users/Shared/Jenkins/.m2/repository/junit/junit/4.12/junit-4.12.jar:/Users/Shared/Jenkins/.m2/repository/org/apache/maven/surefire/surefire-testng-utils/2.20.1/surefire-testng-utils-2.20.1.jar:/Users/Shared/Jenkins/.m2/repository/org/apache/maven/surefire/surefire-grouper/2.20.1/surefire-grouper-2.20.1.jar:"/>
    <property name="java.vm.vendor" value="Oracle Corporation"/>
    <property name="sun.arch.data.model" value="64"/>
    <property name="java.vendor.url" value="http://java.oracle.com/"/>
    <property name="user.timezone" value=""/>
    <property name="suiteXmlFile" value="testng.xml"/>
    <property name="java.vm.specification.version" value="1.8"/>
    <property name="os.name" value="Mac OS X"/>
    <property name="user.country" value="UA"/>
    <property name="sun.java.launcher" value="SUN_STANDARD"/>
    <property name="sun.boot.library.path" value="/Library/Java/JavaVirtualMachines/jdk1.8.0_201.jdk/Contents/Home/jre/lib"/>
    <property name="sun.java.command" value="/Users/rohu/IdeaProjects/demo/target/surefire/surefirebooter6122428420002959623.jar /Users/rohu/IdeaProjects/demo/target/surefire 2019-05-15T22-19-47_408-jvmRun1 surefire2777546779062425679tmp surefire_02492264116657138377tmp"/>
    <property name="surefire.test.class.path" value="/Users/rohu/IdeaProjects/demo/target/test-classes:/Users/rohu/IdeaProjects/demo/target/classes:/Users/Shared/Jenkins/.m2/repository/org/springframework/spring-core/4.0.0.RELEASE/spring-core-4.0.0.RELEASE.jar:/Users/Shared/Jenkins/.m2/repository/commons-logging/commons-logging/1.1.1/commons-logging-1.1.1.jar:/Users/Shared/Jenkins/.m2/repository/org/springframework/spring-context/4.0.0.RELEASE/spring-context-4.0.0.RELEASE.jar:/Users/Shared/Jenkins/.m2/repository/org/springframework/spring-aop/4.0.0.RELEASE/spring-aop-4.0.0.RELEASE.jar:/Users/Shared/Jenkins/.m2/repository/aopalliance/aopalliance/1.0/aopalliance-1.0.jar:/Users/Shared/Jenkins/.m2/repository/org/springframework/spring-beans/4.0.0.RELEASE/spring-beans-4.0.0.RELEASE.jar:/Users/Shared/Jenkins/.m2/repository/org/springframework/spring-expression/4.0.0.RELEASE/spring-expression-4.0.0.RELEASE.jar:/Users/Shared/Jenkins/.m2/repository/org/testng/testng/6.11/testng-6.11.jar:/Users/Shared/Jenkins/.m2/repository/com/beust/jcommander/1.64/jcommander-1.64.jar:/Users/Shared/Jenkins/.m2/repository/org/yaml/snakeyaml/1.17/snakeyaml-1.17.jar:/Users/Shared/Jenkins/.m2/repository/io/appium/java-client/6.1.0/java-client-6.1.0.jar:/Users/Shared/Jenkins/.m2/repository/org/seleniumhq/selenium/selenium-support/3.12.0/selenium-support-3.12.0.jar:/Users/Shared/Jenkins/.m2/repository/org/seleniumhq/selenium/selenium-api/3.12.0/selenium-api-3.12.0.jar:/Users/Shared/Jenkins/.m2/repository/org/apache/httpcomponents/httpclient/4.5.5/httpclient-4.5.5.jar:/Users/Shared/Jenkins/.m2/repository/cglib/cglib/3.2.6/cglib-3.2.6.jar:/Users/Shared/Jenkins/.m2/repository/org/ow2/asm/asm/6.0/asm-6.0.jar:/Users/Shared/Jenkins/.m2/repository/org/apache/ant/ant/1.9.6/ant-1.9.6.jar:/Users/Shared/Jenkins/.m2/repository/org/apache/ant/ant-launcher/1.9.6/ant-launcher-1.9.6.jar:/Users/Shared/Jenkins/.m2/repository/commons-validator/commons-validator/1.6/commons-validator-1.6.jar:/Users/Shared/Jenkins/.m2/repository/commons-beanutils/commons-beanutils/1.9.2/commons-beanutils-1.9.2.jar:/Users/Shared/Jenkins/.m2/repository/commons-digester/commons-digester/1.8.1/commons-digester-1.8.1.jar:/Users/Shared/Jenkins/.m2/repository/commons-collections/commons-collections/3.2.2/commons-collections-3.2.2.jar:/Users/Shared/Jenkins/.m2/repository/org/apache/commons/commons-lang3/3.7/commons-lang3-3.7.jar:/Users/Shared/Jenkins/.m2/repository/commons-io/commons-io/2.6/commons-io-2.6.jar:/Users/Shared/Jenkins/.m2/repository/org/aspectj/aspectjweaver/1.9.1/aspectjweaver-1.9.1.jar:/Users/Shared/Jenkins/.m2/repository/org/openpnp/opencv/3.2.0-1/opencv-3.2.0-1.jar:/Users/Shared/Jenkins/.m2/repository/com/googlecode/json-simple/json-simple/1.1/json-simple-1.1.jar:/Users/Shared/Jenkins/.m2/repository/commons-lang/commons-lang/2.6/commons-lang-2.6.jar:/Users/Shared/Jenkins/.m2/repository/com/google/code/gson/gson/2.8.0/gson-2.8.0.jar:/Users/Shared/Jenkins/.m2/repository/org/seleniumhq/selenium/selenium-java/3.13.0/selenium-java-3.13.0.jar:/Users/Shared/Jenkins/.m2/repository/org/seleniumhq/selenium/selenium-chrome-driver/3.13.0/selenium-chrome-driver-3.13.0.jar:/Users/Shared/Jenkins/.m2/repository/org/seleniumhq/selenium/selenium-edge-driver/3.13.0/selenium-edge-driver-3.13.0.jar:/Users/Shared/Jenkins/.m2/repository/org/seleniumhq/selenium/selenium-firefox-driver/3.13.0/selenium-firefox-driver-3.13.0.jar:/Users/Shared/Jenkins/.m2/repository/org/seleniumhq/selenium/selenium-ie-driver/3.13.0/selenium-ie-driver-3.13.0.jar:/Users/Shared/Jenkins/.m2/repository/org/seleniumhq/selenium/selenium-opera-driver/3.13.0/selenium-opera-driver-3.13.0.jar:/Users/Shared/Jenkins/.m2/repository/org/seleniumhq/selenium/selenium-remote-driver/3.13.0/selenium-remote-driver-3.13.0.jar:/Users/Shared/Jenkins/.m2/repository/org/seleniumhq/selenium/selenium-safari-driver/3.13.0/selenium-safari-driver-3.13.0.jar:/Users/Shared/Jenkins/.m2/repository/net/bytebuddy/byte-buddy/1.8.3/byte-buddy-1.8.3.jar:/Users/Shared/Jenkins/.m2/repository/org/apache/commons/commons-exec/1.3/commons-exec-1.3.jar:/Users/Shared/Jenkins/.m2/repository/commons-codec/commons-codec/1.10/commons-codec-1.10.jar:/Users/Shared/Jenkins/.m2/repository/com/google/guava/guava/25.0-jre/guava-25.0-jre.jar:/Users/Shared/Jenkins/.m2/repository/com/google/code/findbugs/jsr305/1.3.9/jsr305-1.3.9.jar:/Users/Shared/Jenkins/.m2/repository/org/checkerframework/checker-compat-qual/2.0.0/checker-compat-qual-2.0.0.jar:/Users/Shared/Jenkins/.m2/repository/com/google/errorprone/error_prone_annotations/2.1.3/error_prone_annotations-2.1.3.jar:/Users/Shared/Jenkins/.m2/repository/com/google/j2objc/j2objc-annotations/1.1/j2objc-annotations-1.1.jar:/Users/Shared/Jenkins/.m2/repository/org/codehaus/mojo/animal-sniffer-annotations/1.14/animal-sniffer-annotations-1.14.jar:/Users/Shared/Jenkins/.m2/repository/org/apache/httpcomponents/httpcore/4.4.9/httpcore-4.4.9.jar:/Users/Shared/Jenkins/.m2/repository/com/squareup/okhttp3/okhttp/3.10.0/okhttp-3.10.0.jar:/Users/Shared/Jenkins/.m2/repository/com/squareup/okio/okio/1.14.1/okio-1.14.1.jar:/Users/Shared/Jenkins/.m2/repository/org/seleniumhq/selenium/selenium-server/3.9.1/selenium-server-3.9.1.jar:/Users/Shared/Jenkins/.m2/repository/org/apache/commons/commons-text/1.1/commons-text-1.1.jar:/Users/Shared/Jenkins/.m2/repository/commons-net/commons-net/3.6/commons-net-3.6.jar:/Users/Shared/Jenkins/.m2/repository/org/w3c/css/sac/1.3/sac-1.3.jar:/Users/Shared/Jenkins/.m2/repository/net/sourceforge/cssparser/cssparser/0.9.24/cssparser-0.9.24.jar:/Users/Shared/Jenkins/.m2/repository/net/sourceforge/htmlunit/htmlunit/2.29/htmlunit-2.29.jar:/Users/Shared/Jenkins/.m2/repository/net/sourceforge/htmlunit/htmlunit-core-js/2.28/htmlunit-core-js-2.28.jar:/Users/Shared/Jenkins/.m2/repository/net/sourceforge/htmlunit/neko-htmlunit/2.28/neko-htmlunit-2.28.jar:/Users/Shared/Jenkins/.m2/repository/org/apache/httpcomponents/httpmime/4.5.3/httpmime-4.5.3.jar:/Users/Shared/Jenkins/.m2/repository/net/jcip/jcip-annotations/1.0/jcip-annotations-1.0.jar:/Users/Shared/Jenkins/.m2/repository/org/seleniumhq/selenium/jetty-repacked/9.4.7.v20171121/jetty-repacked-9.4.7.v20171121.jar:/Users/Shared/Jenkins/.m2/repository/org/eclipse/jetty/jetty-client/9.4.7.v20170914/jetty-client-9.4.7.v20170914.jar:/Users/Shared/Jenkins/.m2/repository/org/eclipse/jetty/jetty-http/9.4.8.v20171121/jetty-http-9.4.8.v20171121.jar:/Users/Shared/Jenkins/.m2/repository/org/eclipse/jetty/jetty-io/9.4.8.v20171121/jetty-io-9.4.8.v20171121.jar:/Users/Shared/Jenkins/.m2/repository/org/eclipse/jetty/jetty-util/9.4.8.v20171121/jetty-util-9.4.8.v20171121.jar:/Users/Shared/Jenkins/.m2/repository/org/eclipse/jetty/jetty-xml/9.4.7.v20170914/jetty-xml-9.4.7.v20170914.jar:/Users/Shared/Jenkins/.m2/repository/org/seleniumhq/selenium/htmlunit-driver/2.29.0/htmlunit-driver-2.29.0.jar:/Users/Shared/Jenkins/.m2/repository/org/eclipse/jetty/websocket/websocket-api/9.4.7.v20170914/websocket-api-9.4.7.v20170914.jar:/Users/Shared/Jenkins/.m2/repository/org/eclipse/jetty/websocket/websocket-client/9.4.7.v20170914/websocket-client-9.4.7.v20170914.jar:/Users/Shared/Jenkins/.m2/repository/org/eclipse/jetty/websocket/websocket-common/9.4.7.v20170914/websocket-common-9.4.7.v20170914.jar:/Users/Shared/Jenkins/.m2/repository/xalan/serializer/2.7.2/serializer-2.7.2.jar:/Users/Shared/Jenkins/.m2/repository/xalan/xalan/2.7.2/xalan-2.7.2.jar:/Users/Shared/Jenkins/.m2/repository/xerces/xercesImpl/2.11.0/xercesImpl-2.11.0.jar:/Users/Shared/Jenkins/.m2/repository/xml-apis/xml-apis/1.4.01/xml-apis-1.4.01.jar:/Users/Shared/Jenkins/.m2/repository/com/jayway/restassured/rest-assured/2.9.0/rest-assured-2.9.0.jar:/Users/Shared/Jenkins/.m2/repository/org/codehaus/groovy/groovy/2.4.4/groovy-2.4.4.jar:/Users/Shared/Jenkins/.m2/repository/org/codehaus/groovy/groovy-xml/2.4.4/groovy-xml-2.4.4.jar:/Users/Shared/Jenkins/.m2/repository/org/hamcrest/hamcrest-core/1.3/hamcrest-core-1.3.jar:/Users/Shared/Jenkins/.m2/repository/org/hamcrest/hamcrest-library/1.3/hamcrest-library-1.3.jar:/Users/Shared/Jenkins/.m2/repository/org/ccil/cowan/tagsoup/tagsoup/1.2.1/tagsoup-1.2.1.jar:/Users/Shared/Jenkins/.m2/repository/com/jayway/restassured/json-path/2.9.0/json-path-2.9.0.jar:/Users/Shared/Jenkins/.m2/repository/org/codehaus/groovy/groovy-json/2.4.4/groovy-json-2.4.4.jar:/Users/Shared/Jenkins/.m2/repository/com/jayway/restassured/rest-assured-common/2.9.0/rest-assured-common-2.9.0.jar:/Users/Shared/Jenkins/.m2/repository/com/jayway/restassured/xml-path/2.9.0/xml-path-2.9.0.jar:/Users/Shared/Jenkins/.m2/repository/com/jayway/restassured/json-schema-validator/2.8.0/json-schema-validator-2.8.0.jar:/Users/Shared/Jenkins/.m2/repository/com/github/fge/json-schema-validator/2.2.6/json-schema-validator-2.2.6.jar:/Users/Shared/Jenkins/.m2/repository/joda-time/joda-time/2.3/joda-time-2.3.jar:/Users/Shared/Jenkins/.m2/repository/com/googlecode/libphonenumber/libphonenumber/6.2/libphonenumber-6.2.jar:/Users/Shared/Jenkins/.m2/repository/com/github/fge/json-schema-core/1.2.5/json-schema-core-1.2.5.jar:/Users/Shared/Jenkins/.m2/repository/com/github/fge/uri-template/0.9/uri-template-0.9.jar:/Users/Shared/Jenkins/.m2/repository/com/github/fge/msg-simple/1.1/msg-simple-1.1.jar:/Users/Shared/Jenkins/.m2/repository/com/github/fge/btf/1.2/btf-1.2.jar:/Users/Shared/Jenkins/.m2/repository/com/github/fge/jackson-coreutils/1.8/jackson-coreutils-1.8.jar:/Users/Shared/Jenkins/.m2/repository/com/fasterxml/jackson/core/jackson-databind/2.2.3/jackson-databind-2.2.3.jar:/Users/Shared/Jenkins/.m2/repository/com/fasterxml/jackson/core/jackson-annotations/2.2.3/jackson-annotations-2.2.3.jar:/Users/Shared/Jenkins/.m2/repository/com/fasterxml/jackson/core/jackson-core/2.2.3/jackson-core-2.2.3.jar:/Users/Shared/Jenkins/.m2/repository/org/mozilla/rhino/1.7R4/rhino-1.7R4.jar:/Users/Shared/Jenkins/.m2/repository/javax/mail/mailapi/1.4.3/mailapi-1.4.3.jar:/Users/Shared/Jenkins/.m2/repository/javax/activation/activation/1.1/activation-1.1.jar:/Users/Shared/Jenkins/.m2/repository/net/sf/jopt-simple/jopt-simple/4.6/jopt-simple-4.6.jar:/Users/Shared/Jenkins/.m2/repository/org/java-websocket/Java-WebSocket/1.3.9/Java-WebSocket-1.3.9.jar:/Users/Shared/Jenkins/.m2/repository/javax/servlet/javax.servlet-api/4.0.1/javax.servlet-api-4.0.1.jar:/Users/Shared/Jenkins/.m2/repository/org/glassfish/tyrus/bundles/tyrus-standalone-client/1.9/tyrus-standalone-client-1.9.jar:/Users/Shared/Jenkins/.m2/repository/junit/junit/4.12/junit-4.12.jar:/Users/Shared/Jenkins/.m2/repository/org/apache/maven/surefire/surefire-testng-utils/2.20.1/surefire-testng-utils-2.20.1.jar:/Users/Shared/Jenkins/.m2/repository/org/apache/maven/surefire/surefire-grouper/2.20.1/surefire-grouper-2.20.1.jar:"/>
    <property name="sun.cpu.endian" value="little"/>
    <property name="user.home" value="/Users/Shared/Jenkins"/>
    <property name="user.language" value="en"/>
    <property name="java.specification.vendor" value="Oracle Corporation"/>
    <property name="java.home" value="/Library/Java/JavaVirtualMachines/jdk1.8.0_201.jdk/Contents/Home/jre"/>
    <property name="basedir" value="/Users/rohu/IdeaProjects/demo"/>
    <property name="file.separator" value="/"/>
    <property name="line.separator" value="&#10;"/>
    <property name="java.vm.specification.vendor" value="Oracle Corporation"/>
    <property name="java.specification.name" value="Java Platform API Specification"/>
    <property name="java.awt.graphicsenv" value="sun.awt.CGraphicsEnvironment"/>
    <property name="java.awt.headless" value="true"/>
    <property name="surefire.real.class.path" value="/Users/rohu/IdeaProjects/demo/target/surefire/surefirebooter6122428420002959623.jar"/>
    <property name="sun.boot.class.path" value="/Library/Java/JavaVirtualMachines/jdk1.8.0_201.jdk/Contents/Home/jre/lib/resources.jar:/Library/Java/JavaVirtualMachines/jdk1.8.0_201.jdk/Contents/Home/jre/lib/rt.jar:/Library/Java/JavaVirtualMachines/jdk1.8.0_201.jdk/Contents/Home/jre/lib/sunrsasign.jar:/Library/Java/JavaVirtualMachines/jdk1.8.0_201.jdk/Contents/Home/jre/lib/jsse.jar:/Library/Java/JavaVirtualMachines/jdk1.8.0_201.jdk/Contents/Home/jre/lib/jce.jar:/Library/Java/JavaVirtualMachines/jdk1.8.0_201.jdk/Contents/Home/jre/lib/charsets.jar:/Library/Java/JavaVirtualMachines/jdk1.8.0_201.jdk/Contents/Home/jre/lib/jfr.jar:/Library/Java/JavaVirtualMachines/jdk1.8.0_201.jdk/Contents/Home/jre/classes"/>
    <property name="sun.management.compiler" value="HotSpot 64-Bit Tiered Compilers"/>
    <property name="java.runtime.version" value="1.8.0_201-b09"/>
    <property name="user.name" value="jenkins"/>
    <property name="path.separator" value=":"/>
    <property name="os.version" value="10.14.4"/>
    <property name="java.endorsed.dirs" value="/Library/Java/JavaVirtualMachines/jdk1.8.0_201.jdk/Contents/Home/jre/lib/endorsed"/>
    <property name="java.runtime.name" value="Java(TM) SE Runtime Environment"/>
    <property name="file.encoding" value="UTF-8"/>
    <property name="java.vm.name" value="Java HotSpot(TM) 64-Bit Server VM"/>
    <property name="localRepository" value="/Users/Shared/Jenkins/.m2/repository"/>
    <property name="java.vendor.url.bug" value="http://bugreport.sun.com/bugreport/"/>
    <property name="java.io.tmpdir" value="/var/folders/_y/bn83t_k527j_2h5mwvvms8gm00008f/T/"/>
    <property name="java.version" value="1.8.0_201"/>
    <property name="user.dir" value="/Users/rohu/IdeaProjects/demo"/>
    <property name="os.arch" value="x86_64"/>
    <property name="java.vm.specification.name" value="Java Virtual Machine Specification"/>
    <property name="java.awt.printerjob" value="sun.lwawt.macosx.CPrinterJob"/>
    <property name="sun.os.patch.level" value="unknown"/>
    <property name="java.library.path" value="/Users/Shared/Jenkins/Library/Java/Extensions:/Library/Java/Extensions:/Network/Library/Java/Extensions:/System/Library/Java/Extensions:/usr/lib/java:."/>
    <property name="java.vm.info" value="mixed mode"/>
    <property name="java.vendor" value="Oracle Corporation"/>
    <property name="java.vm.version" value="25.201-b09"/>
    <property name="java.ext.dirs" value="/Users/Shared/Jenkins/Library/Java/Extensions:/Library/Java/JavaVirtualMachines/jdk1.8.0_201.jdk/Contents/Home/jre/lib/ext:/Library/Java/Extensions:/Network/Library/Java/Extensions:/System/Library/Java/Extensions:/usr/lib/java"/>
    <property name="sun.io.unicode.encoding" value="UnicodeBig"/>
    <property name="java.class.version" value="52.0"/>
  </properties>
  <testcase name="main" classname="com.ChromeTest" time="0.223">
    <failure message="The driver executable does not exist: /Users/rohu/Downloads/driver/chromedriver" type="java.lang.IllegalStateException">java.lang.IllegalStateException: The driver executable does not exist: /Users/rohu/Downloads/driver/chromedriver
	at com.ChromeTest.main(ChromeTest.java:15)
</failure>
  </testcase>
</testsuite>